Arguments: 
  /Users/yujiangtham/.nvm/versions/node/v16.14.2/bin/node /Users/yujiangtham/.yarn/bin/yarn.js add halo2_lib

PATH: 
  /Users/yujiangtham/.yarn/bin:/Users/yujiangtham/.config/yarn/global/node_modules/.bin:/Users/yujiangtham/.nvm/versions/node/v16.14.2/bin:/usr/local/opt/llvm/bin:/Users/yujiangtham/.pyenv/shims:/usr/local/bin:/Users/yujiangtham/.pyenv/bin:/Users/yujiangtham/.pyenv/bin:/Users/yujiangtham/.local/bin:/usr/local/opt/brew/bin:/opt/homebrew/bin:/opt/homebrew/sbin:/Users/yujiangtham/.local/share/solana/install/active_release/bin:/opt/homebrew/bin:/opt/homebrew/sbin:/usr/local/bin:/System/Cryptexes/App/usr/bin:/usr/bin:/bin:/usr/sbin:/sbin:/Library/TeX/texbin:/usr/local/go/bin:/Library/Apple/usr/bin:/Users/yujiangtham/.cargo/bin:/Users/yujiangtham/go/bin:/Users/yujiangtham/.foundry/bin:/Users/yujiangtham/.protostar/dist/protostar:/Users/yujiangtham/.nargo/bin

Yarn version: 
  1.22.19

Node version: 
  16.14.2

Platform: 
  darwin x64

Trace: 
  Error: https://registry.yarnpkg.com/halo2_lib: Not found
      at Request.params.callback [as _callback] (/Users/yujiangtham/.yarn/lib/cli.js:66145:18)
      at Request.self.callback (/Users/yujiangtham/.yarn/lib/cli.js:140890:22)
      at Request.emit (node:events:526:28)
      at Request.<anonymous> (/Users/yujiangtham/.yarn/lib/cli.js:141862:10)
      at Request.emit (node:events:526:28)
      at IncomingMessage.<anonymous> (/Users/yujiangtham/.yarn/lib/cli.js:141784:12)
      at Object.onceWrapper (node:events:645:28)
      at IncomingMessage.emit (node:events:538:35)
      at endReadableNT (node:internal/streams/readable:1345:12)
      at processTicksAndRejections (node:internal/process/task_queues:83:21)

npm manifest: 
  No manifest

yarn manifest: 
  No manifest

Lockfile: 
  No lockfile
